ncsim(64): 15.20-s031: (c) Copyright 1995-2017 Cadence Design Systems, Inc.

-------------------------------------
Relinquished control to SimVision...
ncsim> 
ncsim> database -open waves -into waves.shm -default
Created default SHM database waves
ncsim> probe -create -shm Dadda_tb.a Dadda_tb.b Dadda_tb.op
Created probe 1
ncsim> run
 30, 	
150, 	
 14, 	
210, 	
Simulation complete via $finish(1) at time 40 NS + 0
./Dadda_tb.v:41     $finish;
ncsim> ^C
ncsim> exit
...Regained control from SimVision
-------------------------------------
ncsim: Memory Usage - 36.4M program + 160.3M data = 196.7M total (200.2M Peak)
ncsim: CPU Usage - 2.5s system + 0.7s user = 3.2s total (144.9s, 2.2% cpu)
