Cadence Genus(TM) Synthesis Solution.
Copyright 2017 Cadence Design Systems, Inc. All rights reserved worldwide.
Cadence and the Cadence logo are registered trademarks and Genus is a trademark
of Cadence Design Systems, Inc. in the United States and other countries.

Version: 17.21-s010_1, built Wed Feb 07 2018
Options: 
Date:    Sat May 04 17:10:32 2019
Host:    cadence (x86_64 w/Linux 2.6.32-696.el6.x86_64) (4cores*4cpus*1physical cpu*Intel(R) Core(TM) i5-7500 CPU @ 3.40GHz 6144KB) (7941896KB)
OS:      Red Hat Enterprise Linux Server release 6.9 (Santiago)

Checking out license: Genus_Synthesis
License 'Genus_Synthesis' (main version: 17.2, alternate version: 17.2) checkout failed.
Checking out license: Virtuoso_Digital_Implem
License 'Virtuoso_Digital_Implem' (main version: 17.1, alternate version: 17.1) checkout failed.
Checking out license: Virtuoso_Digital_Implem_XL

Loading tool scripts...

Finished loading tool scripts (7 seconds elapsed).

WARNING: This version of the tool is 451 days old.

Another Ctrl-C within 1 second will terminate the tool.

Another Ctrl-C within 1 second will terminate the tool.

Another Ctrl-C within 1 second will terminate the tool.

Another Ctrl-C within 1 second will terminate the tool.
Abnormal exit.
